2026-03-25 18:02:46.550 xcodebuild[18596:1042633]  DVTFilePathFSEvents: Failed to start fs event stream.
2026-03-25 18:02:46.702 xcodebuild[18596:1042631] [MT] DVTDeveloperPaths: Failed to get length of DARWIN_USER_CACHE_DIR from confstr(3), error = Error Domain=NSPOSIXErrorDomain Code=5 "Input/output error". Using NSCachesDirectory instead.
2026-03-25 18:02:47.003 xcodebuild[18596:1042632] CoreSimulatorService connection became invalid.  Simulator services will no longer be available.
2026-03-25 18:02:47.004 xcodebuild[18596:1042644] Logging connecton invalid: <OS_xpc_error: <dictionary: 0x1f9388960> { count = 1, transaction: 0, voucher = 0x0, contents =
	"XPCErrorDescription" => <string: 0x1f9388aa8> { string cache = 0x0, length = 18, contents = "Connection invalid" }
}>
[-[SimServiceContext sendRequest:]:1743] ERROR : Unable to deliver request ({
    "developer_dir" = "/Applications/Xcode.app/Contents/Developer";
    request = "set_developer_dir";
}) because we are not connected to CoreSimulatorService.
Command line invocation:
    /Applications/Xcode.app/Contents/Developer/usr/bin/xcodebuild -project Sash.xcodeproj -scheme Sash -configuration Debug -derivedDataPath build CODE_SIGNING_REQUIRED=NO CODE_SIGNING_ALLOWED=NO build

Build settings from command line:
    CODE_SIGNING_ALLOWED = NO
    CODE_SIGNING_REQUIRED = NO

2026-03-25 18:02:47.054 xcodebuild[18596:1042631] [MT] DVTAssertions: Warning in DVTFrameworks/DVTFoundation/FileTypes/DVTFileDataTypeDetection.m:79
Details:  detectedTypeIdentifier (com.apple.xml-property-list) does not conform to matchedTypeIdentifier in MagicFileDataTypeDetector extenson com.apple.property-list. When both are specified, this conformance is required unless overridden by setting allowNonInheritance. extension.identifier:Xcode.MagicFileDataTypeDetector.XMLPlist
Object:   <DVTFileDataTypeDetectionMagicCache: 0x9388eff00>
Method:   -initWithExtension:
Thread:   <_NSMainThread: 0x10491e540>{number = 1, name = main}
Please file a bug at https://feedbackassistant.apple.com with this warning message and any useful information you can provide.
2026-03-25 18:02:47.056 xcodebuild[18596:1042631] [MT] DVTAssertions: Warning in DVTFrameworks/DVTFoundation/FileTypes/DVTFileDataTypeDetection.m:79
Details:  detectedTypeIdentifier (com.apple.binary-property-list) does not conform to matchedTypeIdentifier in MagicFileDataTypeDetector extenson com.apple.property-list. When both are specified, this conformance is required unless overridden by setting allowNonInheritance. extension.identifier:Xcode.MagicFileDataTypeDetector.BinaryPlist
Object:   <DVTFileDataTypeDetectionMagicCache: 0x9371412f0>
Method:   -initWithExtension:
Thread:   <_NSMainThread: 0x10491e540>{number = 1, name = main}
Please file a bug at https://feedbackassistant.apple.com with this warning message and any useful information you can provide.
[-[SimServiceContext initWithDeveloperDir:connectionType:error:]:450] WARN  : Unable to discover any Simulator runtimes. Developer Directory is /Applications/Xcode.app/Contents/Developer.
[-[SimDiskImageManager init]:175] ERROR : Could not kickstart simdiskimaged; SimDiskImageManager services will not be available: Error Domain=NSPOSIXErrorDomain Code=53 "Software caused connection abort" UserInfo={NSLocalizedDescription=Error returned in reply from CoreSimulatorService: Connection invalid}
[-[SimDiskImageManager _onQueue_checkConnection:]:239] ERROR : simdiskimaged returned error (invalid), marking disconnected.
[-[SimServiceContext initWithDeveloperDir:connectionType:error:]_block_invoke:486] ERROR : Could not get list of trusted mount directories: Error Domain=com.apple.CoreSimulator.SimError Code=409 "Cannot talk to the service used to manage runtime disk images (simdiskimaged) because its launchd job is not registered or was unloaded" UserInfo={NSLocalizedDescription=Cannot talk to the service used to manage runtime disk images (simdiskimaged) because its launchd job is not registered or was unloaded}
[-[SimDiskImageManager _onQueue_checkConnection:]:219] ERROR : simdiskimaged connection is currently unavailable because connection became invalid
[-[SimServiceContext sendRequest:reply:error:]:1763] ERROR : Unable to deliver request ({
    request = "notification_subscription";
    "set_path" = "/Users/mauriello/Library/Developer/CoreSimulator/Devices";
}) because we are not connected to CoreSimulatorService.
2026-03-25 18:02:47.065 xcodebuild[18596:1042633] Error Domain=NSPOSIXErrorDomain Code=61 "Connection refused" UserInfo={NSLocalizedDescription=CoreSimulatorService connection became invalid.  Simulator services will no longer be available.}
[-[SimServiceContext sendRequest:reply:error:]:1763] ERROR : Unable to deliver request ({
    request = "notification_subscription";
    "set_path" = "/Users/mauriello/Library/Developer/CoreSimulator/Devices";
}) because we are not connected to CoreSimulatorService.
2026-03-25 18:02:47.067 xcodebuild[18596:1042644] Error Domain=NSPOSIXErrorDomain Code=61 "Connection refused" UserInfo={NSLocalizedDescription=CoreSimulatorService connection became invalid.  Simulator services will no longer be available.}
2026-03-25 18:02:47.067 xcodebuild[18596:1042633]  IDESimulatorAvailability: startObservingSimulatorUpdates() FAILED to register SimDeviceSet observer
2026-03-25 18:02:47.067 xcodebuild[18596:1042644]  iOSSimulator: [SimServiceContext defaultDeviceSetWithError:] returned nil (Error Domain=NSPOSIXErrorDomain Code=61 "Connection refused" UserInfo={NSLocalizedFailureReason=Failed to subscribe to notifications from CoreSimulatorService., NSLocalizedDescription=Failed to initialize simulator device set., NSUnderlyingError=0x937118c00 {Error Domain=NSPOSIXErrorDomain Code=61 "Connection refused" UserInfo={NSLocalizedDescription=CoreSimulatorService connection became invalid.  Simulator services will no longer be available.}}}). Simulator device support disabled.
2026-03-25 18:02:47.247 xcodebuild[18596:1042631] [MT] IDERunDestination: Supported platforms for the buildables in the current scheme is empty.
--- xcodebuild: WARNING: Using the first of multiple matching destinations:
{ platform:macOS, arch:arm64, id:00006020-001C703A027B401E, name:My Mac }
{ platform:macOS, arch:x86_64, id:00006020-001C703A027B401E, name:My Mac }
{ platform:macOS, name:Any Mac }
ComputePackagePrebuildTargetDependencyGraph

Prepare packages

CreateBuildRequest

SendProjectDescription

CreateBuildOperation

ComputeTargetDependencyGraph
note: Building targets in dependency order
note: Target dependency graph (2 targets)
    Target 'Sash' in project 'Sash'
        ➜ Explicit dependency on target 'SashWidgets' in project 'Sash'
    Target 'SashWidgets' in project 'Sash' (no dependencies)

GatherProvisioningInputs

CreateBuildDescription

ClangStatCache /Applications/Xcode.app/Contents/Developer/Toolchains/XcodeDefault.xctoolchain/usr/bin/clang-stat-cache /Applications/Xcode.app/Contents/Developer/Platforms/MacOSX.platform/Developer/SDKs/MacOSX26.0.sdk /Users/mauriello/Dev/sash-macos/build/SDKStatCaches.noindex/macosx26.0-25A352-28806144b0707e398aac92880fa50324.sdkstatcache
    cd /Users/mauriello/Dev/sash-macos/Sash.xcodeproj
    /Applications/Xcode.app/Contents/Developer/Toolchains/XcodeDefault.xctoolchain/usr/bin/clang-stat-cache /Applications/Xcode.app/Contents/Developer/Platforms/MacOSX.platform/Developer/SDKs/MacOSX26.0.sdk -o /Users/mauriello/Dev/sash-macos/build/SDKStatCaches.noindex/macosx26.0-25A352-28806144b0707e398aac92880fa50324.sdkstatcache
Failed to create FS event stream. Considering the cache up-to-date.

note: Disabling hardened runtime with ad-hoc codesigning. (in target 'Sash' from project 'Sash')
ValidateEmbeddedBinary /Users/mauriello/Dev/sash-macos/build/Build/Products/Debug/Sash.app/Contents/PlugIns/SashWidgets.appex (in target 'Sash' from project 'Sash')
    cd /Users/mauriello/Dev/sash-macos
    /Applications/Xcode.app/Contents/Developer/usr/bin/embeddedBinaryValidationUtility /Users/mauriello/Dev/sash-macos/build/Build/Products/Debug/Sash.app/Contents/PlugIns/SashWidgets.appex -info-plist-path /Users/mauriello/Dev/sash-macos/build/Build/Products/Debug/Sash.app/Contents/Info.plist

ExtractAppIntentsMetadata (in target 'Sash' from project 'Sash')
    cd /Users/mauriello/Dev/sash-macos
    /Applications/Xcode.app/Contents/Developer/Toolchains/XcodeDefault.xctoolchain/usr/bin/appintentsmetadataprocessor --toolchain-dir /Applications/Xcode.app/Contents/Developer/Toolchains/XcodeDefault.xctoolchain --module-name Sash --sdk-root /Applications/Xcode.app/Contents/Developer/Platforms/MacOSX.platform/Developer/SDKs/MacOSX26.0.sdk --xcode-version 17A400 --platform-family macOS --deployment-target 13.0 --bundle-identifier com.sash.Sash --output /Users/mauriello/Dev/sash-macos/build/Build/Products/Debug/Sash.app/Contents/Resources --target-triple arm64-apple-macos13.0 --binary-file /Users/mauriello/Dev/sash-macos/build/Build/Products/Debug/Sash.app/Contents/MacOS/Sash --dependency-file /Users/mauriello/Dev/sash-macos/build/Build/Intermediates.noindex/Sash.build/Debug/Sash.build/Objects-normal/arm64/Sash_dependency_info.dat --stringsdata-file /Users/mauriello/Dev/sash-macos/build/Build/Intermediates.noindex/Sash.build/Debug/Sash.build/Objects-normal/arm64/ExtractedAppShortcutsMetadata.stringsdata --source-file-list /Users/mauriello/Dev/sash-macos/build/Build/Intermediates.noindex/Sash.build/Debug/Sash.build/Objects-normal/arm64/Sash.SwiftFileList --metadata-file-list /Users/mauriello/Dev/sash-macos/build/Build/Intermediates.noindex/Sash.build/Debug/Sash.build/Sash.DependencyMetadataFileList --static-metadata-file-list /Users/mauriello/Dev/sash-macos/build/Build/Intermediates.noindex/Sash.build/Debug/Sash.build/Sash.DependencyStaticMetadataFileList --swift-const-vals-list /Users/mauriello/Dev/sash-macos/build/Build/Intermediates.noindex/Sash.build/Debug/Sash.build/Objects-normal/arm64/Sash.SwiftConstValuesFileList --compile-time-extraction --deployment-aware-processing --validate-assistant-intents --no-app-shortcuts-localization
2026-03-25 18:02:47.539 appintentsmetadataprocessor[18601:1042681] Starting appintentsmetadataprocessor export
2026-03-25 18:02:47.642 appintentsmetadataprocessor[18601:1042681] error: At least one halting error produced during export. No AppIntents metadata have been exported and this target is not usable with AppIntents until errors are resolved.
error: Only 1 'AppIntents.AppShortcutsProvider' conformance is allowed per app, but found: Sash.SashAppShortcuts, Sash.SashShortcuts

note: Disabling hardened runtime with ad-hoc codesigning. (in target 'SashWidgets' from project 'Sash')
** BUILD FAILED **


The following build commands failed:
	ExtractAppIntentsMetadata (in target 'Sash' from project 'Sash')
	Building project Sash with scheme Sash and configuration Debug
(2 failures)
