Mar 25 17:52:10 Tommasos-MacBook-Pro com.apple.dt.xcodebuild[6350] <Error>: Unable to deliver request ({
	    "developer_dir" = "/Applications/Xcode.app/Contents/Developer";
	    request = "set_developer_dir";
	}) because we are not connected to CoreSimulatorService.
Mar 25 17:52:10 Tommasos-MacBook-Pro com.apple.dt.xcodebuild[6350] <Warning>: Unable to discover any Simulator runtimes. Developer Directory is /Applications/Xcode.app/Contents/Developer.
Mar 25 17:52:10 Tommasos-MacBook-Pro com.apple.dt.xcodebuild[6350] <Error>: simdiskimaged returned error (invalid), marking disconnected.
Mar 25 17:52:10 Tommasos-MacBook-Pro com.apple.dt.xcodebuild[6350] <Error>: Could not get list of trusted mount directories: Error Domain=com.apple.CoreSimulator.SimError Code=410 "The service used to manage runtime disk images (simdiskimaged) crashed or is not responding" UserInfo={NSLocalizedDescription=The service used to manage runtime disk images (simdiskimaged) crashed or is not responding}
Mar 25 17:52:10 Tommasos-MacBook-Pro com.apple.dt.xcodebuild[6350] <Error>: simdiskimaged returned error (invalid), marking disconnected.
Mar 25 17:52:10 Tommasos-MacBook-Pro com.apple.dt.xcodebuild[6350] <Error>: Could not kickstart simdiskimaged; SimDiskImageManager services will not be available: Error Domain=NSPOSIXErrorDomain Code=53 "Software caused connection abort" UserInfo={NSLocalizedDescription=Error returned in reply from CoreSimulatorService: Connection invalid}
Mar 25 17:52:10 Tommasos-MacBook-Pro com.apple.dt.xcodebuild[6350] <Error>: Unable to deliver request ({
	    request = "notification_subscription";
	    "set_path" = "/Users/mauriello/Library/Developer/CoreSimulator/Devices";
	}) because we are not connected to CoreSimulatorService.
Mar 25 17:52:10 Tommasos-MacBook-Pro com.apple.dt.xcodebuild[6350] <Error>: Unable to deliver request ({
	    request = "notification_subscription";
	    "set_path" = "/Users/mauriello/Library/Developer/CoreSimulator/Devices";
	}) because we are not connected to CoreSimulatorService.
Mar 25 17:52:22 Tommasos-MacBook-Pro com.apple.dt.xcodebuild[6424] <Error>: Unable to deliver request ({
	    "developer_dir" = "/Applications/Xcode.app/Contents/Developer";
	    request = "set_developer_dir";
	}) because we are not connected to CoreSimulatorService.
Mar 25 17:52:22 Tommasos-MacBook-Pro com.apple.dt.xcodebuild[6424] <Warning>: Unable to discover any Simulator runtimes. Developer Directory is /Applications/Xcode.app/Contents/Developer.
Mar 25 17:52:22 Tommasos-MacBook-Pro com.apple.dt.xcodebuild[6424] <Error>: Could not kickstart simdiskimaged; SimDiskImageManager services will not be available: Error Domain=NSPOSIXErrorDomain Code=53 "Software caused connection abort" UserInfo={NSLocalizedDescription=Error returned in reply from CoreSimulatorService: Connection invalid}
Mar 25 17:52:22 Tommasos-MacBook-Pro com.apple.dt.xcodebuild[6424] <Error>: simdiskimaged returned error (invalid), marking disconnected.
Mar 25 17:52:22 Tommasos-MacBook-Pro com.apple.dt.xcodebuild[6424] <Error>: simdiskimaged connection is currently unavailable because connection became invalid
Mar 25 17:52:22 Tommasos-MacBook-Pro com.apple.dt.xcodebuild[6424] <Error>: Could not get list of trusted mount directories: Error Domain=com.apple.CoreSimulator.SimError Code=409 "Cannot talk to the service used to manage runtime disk images (simdiskimaged) because its launchd job is not registered or was unloaded" UserInfo={NSLocalizedDescription=Cannot talk to the service used to manage runtime disk images (simdiskimaged) because its launchd job is not registered or was unloaded}
Mar 25 17:52:22 Tommasos-MacBook-Pro com.apple.dt.xcodebuild[6424] <Error>: Unable to deliver request ({
	    request = "notification_subscription";
	    "set_path" = "/Users/mauriello/Library/Developer/CoreSimulator/Devices";
	}) because we are not connected to CoreSimulatorService.
Mar 25 17:52:22 Tommasos-MacBook-Pro com.apple.dt.xcodebuild[6424] <Error>: Unable to deliver request ({
	    request = "notification_subscription";
	    "set_path" = "/Users/mauriello/Library/Developer/CoreSimulator/Devices";
	}) because we are not connected to CoreSimulatorService.
Mar 25 18:00:17 Tommasos-MacBook-Pro com.apple.dt.xcodebuild[12674] <Error>: Unable to deliver request ({
	    "developer_dir" = "/Applications/Xcode.app/Contents/Developer";
	    request = "set_developer_dir";
	}) because we are not connected to CoreSimulatorService.
Mar 25 18:00:17 Tommasos-MacBook-Pro com.apple.dt.xcodebuild[12674] <Warning>: Unable to discover any Simulator runtimes. Developer Directory is /Applications/Xcode.app/Contents/Developer.
Mar 25 18:00:17 Tommasos-MacBook-Pro com.apple.dt.xcodebuild[12674] <Error>: Could not kickstart simdiskimaged; SimDiskImageManager services will not be available: Error Domain=NSPOSIXErrorDomain Code=53 "Software caused connection abort" UserInfo={NSLocalizedDescription=Error returned in reply from CoreSimulatorService: Connection invalid}
Mar 25 18:00:17 Tommasos-MacBook-Pro com.apple.dt.xcodebuild[12674] <Error>: simdiskimaged returned error (invalid), marking disconnected.
Mar 25 18:00:17 Tommasos-MacBook-Pro com.apple.dt.xcodebuild[12674] <Error>: simdiskimaged returned error (invalid), marking disconnected.
Mar 25 18:00:17 Tommasos-MacBook-Pro com.apple.dt.xcodebuild[12674] <Error>: Could not get list of trusted mount directories: Error Domain=com.apple.CoreSimulator.SimError Code=410 "The service used to manage runtime disk images (simdiskimaged) crashed or is not responding" UserInfo={NSLocalizedDescription=The service used to manage runtime disk images (simdiskimaged) crashed or is not responding}
Mar 25 18:00:17 Tommasos-MacBook-Pro com.apple.dt.xcodebuild[12674] <Error>: Unable to deliver request ({
	    request = "notification_subscription";
	    "set_path" = "/Users/mauriello/Library/Developer/CoreSimulator/Devices";
	}) because we are not connected to CoreSimulatorService.
Mar 25 18:00:17 Tommasos-MacBook-Pro com.apple.dt.xcodebuild[12674] <Error>: Unable to deliver request ({
	    request = "notification_subscription";
	    "set_path" = "/Users/mauriello/Library/Developer/CoreSimulator/Devices";
	}) because we are not connected to CoreSimulatorService.
Mar 25 18:00:35 Tommasos-MacBook-Pro com.apple.dt.xcodebuild[13124] <Error>: Unable to deliver request ({
	    "developer_dir" = "/Applications/Xcode.app/Contents/Developer";
	    request = "set_developer_dir";
	}) because we are not connected to CoreSimulatorService.
Mar 25 18:00:35 Tommasos-MacBook-Pro com.apple.dt.xcodebuild[13124] <Warning>: Unable to discover any Simulator runtimes. Developer Directory is /Applications/Xcode.app/Contents/Developer.
Mar 25 18:00:35 Tommasos-MacBook-Pro com.apple.dt.xcodebuild[13124] <Error>: Could not kickstart simdiskimaged; SimDiskImageManager services will not be available: Error Domain=NSPOSIXErrorDomain Code=53 "Software caused connection abort" UserInfo={NSLocalizedDescription=Error returned in reply from CoreSimulatorService: Connection invalid}
Mar 25 18:00:35 Tommasos-MacBook-Pro com.apple.dt.xcodebuild[13124] <Error>: simdiskimaged returned error (invalid), marking disconnected.
Mar 25 18:00:35 Tommasos-MacBook-Pro com.apple.dt.xcodebuild[13124] <Error>: Unable to deliver request ({
	    request = "notification_subscription";
	    "set_path" = "/Users/mauriello/Library/Developer/CoreSimulator/Devices";
	}) because we are not connected to CoreSimulatorService.
Mar 25 18:00:35 Tommasos-MacBook-Pro com.apple.dt.xcodebuild[13124] <Error>: simdiskimaged returned error (invalid), marking disconnected.
Mar 25 18:00:35 Tommasos-MacBook-Pro com.apple.dt.xcodebuild[13124] <Error>: Could not get list of trusted mount directories: Error Domain=com.apple.CoreSimulator.SimError Code=410 "The service used to manage runtime disk images (simdiskimaged) crashed or is not responding" UserInfo={NSLocalizedDescription=The service used to manage runtime disk images (simdiskimaged) crashed or is not responding}
Mar 25 18:00:35 Tommasos-MacBook-Pro com.apple.dt.xcodebuild[13124] <Error>: Unable to deliver request ({
	    request = "notification_subscription";
	    "set_path" = "/Users/mauriello/Library/Developer/CoreSimulator/Devices";
	}) because we are not connected to CoreSimulatorService.
Mar 25 18:01:01 Tommasos-MacBook-Pro com.apple.dt.xcodebuild[14358] <Error>: Unable to deliver request ({
	    "developer_dir" = "/Applications/Xcode.app/Contents/Developer";
	    request = "set_developer_dir";
	}) because we are not connected to CoreSimulatorService.
Mar 25 18:01:01 Tommasos-MacBook-Pro com.apple.dt.xcodebuild[14358] <Warning>: Unable to discover any Simulator runtimes. Developer Directory is /Applications/Xcode.app/Contents/Developer.
Mar 25 18:01:01 Tommasos-MacBook-Pro com.apple.dt.xcodebuild[14358] <Error>: Could not kickstart simdiskimaged; SimDiskImageManager services will not be available: Error Domain=NSPOSIXErrorDomain Code=53 "Software caused connection abort" UserInfo={NSLocalizedDescription=Error returned in reply from CoreSimulatorService: Connection invalid}
Mar 25 18:01:01 Tommasos-MacBook-Pro com.apple.dt.xcodebuild[14358] <Error>: simdiskimaged connection is currently unavailable because connection became invalid
Mar 25 18:01:01 Tommasos-MacBook-Pro com.apple.dt.xcodebuild[14358] <Error>: simdiskimaged returned error (invalid), marking disconnected.
Mar 25 18:01:01 Tommasos-MacBook-Pro com.apple.dt.xcodebuild[14358] <Error>: Unable to deliver request ({
	    request = "notification_subscription";
	    "set_path" = "/Users/mauriello/Library/Developer/CoreSimulator/Devices";
	}) because we are not connected to CoreSimulatorService.
Mar 25 18:01:01 Tommasos-MacBook-Pro com.apple.dt.xcodebuild[14358] <Error>: Could not get list of trusted mount directories: Error Domain=com.apple.CoreSimulator.SimError Code=409 "Cannot talk to the service used to manage runtime disk images (simdiskimaged) because its launchd job is not registered or was unloaded" UserInfo={NSLocalizedDescription=Cannot talk to the service used to manage runtime disk images (simdiskimaged) because its launchd job is not registered or was unloaded}
Mar 25 18:01:01 Tommasos-MacBook-Pro com.apple.dt.xcodebuild[14358] <Error>: Unable to deliver request ({
	    request = "notification_subscription";
	    "set_path" = "/Users/mauriello/Library/Developer/CoreSimulator/Devices";
	}) because we are not connected to CoreSimulatorService.
Mar 25 18:01:22 Tommasos-MacBook-Pro com.apple.dt.xcodebuild[15549] <Error>: simdiskimaged returned error (invalid), marking disconnected.
Mar 25 18:01:22 Tommasos-MacBook-Pro com.apple.dt.xcodebuild[15549] <Error>: simdiskimaged returned error (invalid), marking disconnected.
Mar 25 18:01:22 Tommasos-MacBook-Pro com.apple.dt.xcodebuild[15549] <Error>: Unable to deliver request ({
	    request = "notification_subscription";
	    "set_path" = "/Users/mauriello/Library/Developer/CoreSimulator/Devices";
	}) because we are not connected to CoreSimulatorService.
Mar 25 18:01:22 Tommasos-MacBook-Pro com.apple.dt.xcodebuild[15549] <Warning>: Unable to discover any Simulator runtimes. Developer Directory is /Applications/Xcode.app/Contents/Developer.
Mar 25 18:01:22 Tommasos-MacBook-Pro com.apple.dt.xcodebuild[15549] <Error>: Could not kickstart simdiskimaged; SimDiskImageManager services will not be available: Error Domain=NSPOSIXErrorDomain Code=53 "Software caused connection abort" UserInfo={NSLocalizedDescription=Error returned in reply from CoreSimulatorService: Connection invalid}
Mar 25 18:01:22 Tommasos-MacBook-Pro com.apple.dt.xcodebuild[15549] <Error>: Could not get list of trusted mount directories: Error Domain=com.apple.CoreSimulator.SimError Code=410 "The service used to manage runtime disk images (simdiskimaged) crashed or is not responding" UserInfo={NSLocalizedDescription=The service used to manage runtime disk images (simdiskimaged) crashed or is not responding}
Mar 25 18:01:22 Tommasos-MacBook-Pro com.apple.dt.xcodebuild[15549] <Error>: Unable to deliver request ({
	    request = "notification_subscription";
	    "set_path" = "/Users/mauriello/Library/Developer/CoreSimulator/Devices";
	}) because we are not connected to CoreSimulatorService.
Mar 25 18:01:53 Tommasos-MacBook-Pro com.apple.dt.xcodebuild[16626] <Error>: Unable to deliver request ({
	    "developer_dir" = "/Applications/Xcode.app/Contents/Developer";
	    request = "set_developer_dir";
	}) because we are not connected to CoreSimulatorService.
Mar 25 18:01:53 Tommasos-MacBook-Pro com.apple.dt.xcodebuild[16626] <Warning>: Unable to discover any Simulator runtimes. Developer Directory is /Applications/Xcode.app/Contents/Developer.
Mar 25 18:01:53 Tommasos-MacBook-Pro com.apple.dt.xcodebuild[16626] <Error>: Could not kickstart simdiskimaged; SimDiskImageManager services will not be available: Error Domain=NSPOSIXErrorDomain Code=53 "Software caused connection abort" UserInfo={NSLocalizedDescription=Error returned in reply from CoreSimulatorService: Connection invalid}
Mar 25 18:01:53 Tommasos-MacBook-Pro com.apple.dt.xcodebuild[16626] <Error>: simdiskimaged returned error (invalid), marking disconnected.
Mar 25 18:01:53 Tommasos-MacBook-Pro com.apple.dt.xcodebuild[16626] <Error>: Could not get list of trusted mount directories: Error Domain=com.apple.CoreSimulator.SimError Code=410 "The service used to manage runtime disk images (simdiskimaged) crashed or is not responding" UserInfo={NSLocalizedDescription=The service used to manage runtime disk images (simdiskimaged) crashed or is not responding}
Mar 25 18:01:53 Tommasos-MacBook-Pro com.apple.dt.xcodebuild[16626] <Error>: simdiskimaged returned error (invalid), marking disconnected.
Mar 25 18:01:53 Tommasos-MacBook-Pro com.apple.dt.xcodebuild[16626] <Error>: Unable to deliver request ({
	    request = "notification_subscription";
	    "set_path" = "/Users/mauriello/Library/Developer/CoreSimulator/Devices";
	}) because we are not connected to CoreSimulatorService.
Mar 25 18:01:53 Tommasos-MacBook-Pro com.apple.dt.xcodebuild[16626] <Error>: Unable to deliver request ({
	    request = "notification_subscription";
	    "set_path" = "/Users/mauriello/Library/Developer/CoreSimulator/Devices";
	}) because we are not connected to CoreSimulatorService.
Mar 25 18:02:31 Tommasos-MacBook-Pro com.apple.dt.xcodebuild[18130] <Error>: Unable to deliver request ({
	    "developer_dir" = "/Applications/Xcode.app/Contents/Developer";
	    request = "set_developer_dir";
	}) because we are not connected to CoreSimulatorService.
Mar 25 18:02:31 Tommasos-MacBook-Pro com.apple.dt.xcodebuild[18130] <Warning>: Unable to discover any Simulator runtimes. Developer Directory is /Applications/Xcode.app/Contents/Developer.
Mar 25 18:02:31 Tommasos-MacBook-Pro com.apple.dt.xcodebuild[18130] <Error>: Could not kickstart simdiskimaged; SimDiskImageManager services will not be available: Error Domain=NSPOSIXErrorDomain Code=53 "Software caused connection abort" UserInfo={NSLocalizedDescription=Error returned in reply from CoreSimulatorService: Connection invalid}
Mar 25 18:02:31 Tommasos-MacBook-Pro com.apple.dt.xcodebuild[18130] <Error>: simdiskimaged returned error (invalid), marking disconnected.
Mar 25 18:02:31 Tommasos-MacBook-Pro com.apple.dt.xcodebuild[18130] <Error>: Could not get list of trusted mount directories: Error Domain=com.apple.CoreSimulator.SimError Code=409 "Cannot talk to the service used to manage runtime disk images (simdiskimaged) because its launchd job is not registered or was unloaded" UserInfo={NSLocalizedDescription=Cannot talk to the service used to manage runtime disk images (simdiskimaged) because its launchd job is not registered or was unloaded}
Mar 25 18:02:31 Tommasos-MacBook-Pro com.apple.dt.xcodebuild[18130] <Error>: Unable to deliver request ({
	    request = "notification_subscription";
	    "set_path" = "/Users/mauriello/Library/Developer/CoreSimulator/Devices";
	}) because we are not connected to CoreSimulatorService.
Mar 25 18:02:31 Tommasos-MacBook-Pro com.apple.dt.xcodebuild[18130] <Error>: simdiskimaged connection is currently unavailable because connection became invalid
Mar 25 18:02:31 Tommasos-MacBook-Pro com.apple.dt.xcodebuild[18130] <Error>: Unable to deliver request ({
	    request = "notification_subscription";
	    "set_path" = "/Users/mauriello/Library/Developer/CoreSimulator/Devices";
	}) because we are not connected to CoreSimulatorService.
Mar 25 18:02:47 Tommasos-MacBook-Pro com.apple.dt.xcodebuild[18596] <Error>: Unable to deliver request ({
	    "developer_dir" = "/Applications/Xcode.app/Contents/Developer";
	    request = "set_developer_dir";
	}) because we are not connected to CoreSimulatorService.
Mar 25 18:02:47 Tommasos-MacBook-Pro com.apple.dt.xcodebuild[18596] <Warning>: Unable to discover any Simulator runtimes. Developer Directory is /Applications/Xcode.app/Contents/Developer.
Mar 25 18:02:47 Tommasos-MacBook-Pro com.apple.dt.xcodebuild[18596] <Error>: Could not kickstart simdiskimaged; SimDiskImageManager services will not be available: Error Domain=NSPOSIXErrorDomain Code=53 "Software caused connection abort" UserInfo={NSLocalizedDescription=Error returned in reply from CoreSimulatorService: Connection invalid}
Mar 25 18:02:47 Tommasos-MacBook-Pro com.apple.dt.xcodebuild[18596] <Error>: simdiskimaged returned error (invalid), marking disconnected.
Mar 25 18:02:47 Tommasos-MacBook-Pro com.apple.dt.xcodebuild[18596] <Error>: Could not get list of trusted mount directories: Error Domain=com.apple.CoreSimulator.SimError Code=409 "Cannot talk to the service used to manage runtime disk images (simdiskimaged) because its launchd job is not registered or was unloaded" UserInfo={NSLocalizedDescription=Cannot talk to the service used to manage runtime disk images (simdiskimaged) because its launchd job is not registered or was unloaded}
Mar 25 18:02:47 Tommasos-MacBook-Pro com.apple.dt.xcodebuild[18596] <Error>: simdiskimaged connection is currently unavailable because connection became invalid
Mar 25 18:02:47 Tommasos-MacBook-Pro com.apple.dt.xcodebuild[18596] <Error>: Unable to deliver request ({
	    request = "notification_subscription";
	    "set_path" = "/Users/mauriello/Library/Developer/CoreSimulator/Devices";
	}) because we are not connected to CoreSimulatorService.
Mar 25 18:02:47 Tommasos-MacBook-Pro com.apple.dt.xcodebuild[18596] <Error>: Unable to deliver request ({
	    request = "notification_subscription";
	    "set_path" = "/Users/mauriello/Library/Developer/CoreSimulator/Devices";
	}) because we are not connected to CoreSimulatorService.
Mar 25 18:03:10 Tommasos-MacBook-Pro com.apple.dt.xcodebuild[19393] <Error>: Unable to deliver request ({
	    "developer_dir" = "/Applications/Xcode.app/Contents/Developer";
	    request = "set_developer_dir";
	}) because we are not connected to CoreSimulatorService.
Mar 25 18:03:10 Tommasos-MacBook-Pro com.apple.dt.xcodebuild[19393] <Warning>: Unable to discover any Simulator runtimes. Developer Directory is /Applications/Xcode.app/Contents/Developer.
Mar 25 18:03:10 Tommasos-MacBook-Pro com.apple.dt.xcodebuild[19393] <Error>: simdiskimaged returned error (invalid), marking disconnected.
Mar 25 18:03:10 Tommasos-MacBook-Pro com.apple.dt.xcodebuild[19393] <Error>: Could not get list of trusted mount directories: Error Domain=com.apple.CoreSimulator.SimError Code=410 "The service used to manage runtime disk images (simdiskimaged) crashed or is not responding" UserInfo={NSLocalizedDescription=The service used to manage runtime disk images (simdiskimaged) crashed or is not responding}
Mar 25 18:03:10 Tommasos-MacBook-Pro com.apple.dt.xcodebuild[19393] <Error>: Unable to deliver request ({
	    request = "notification_subscription";
	    "set_path" = "/Users/mauriello/Library/Developer/CoreSimulator/Devices";
	}) because we are not connected to CoreSimulatorService.
Mar 25 18:03:10 Tommasos-MacBook-Pro com.apple.dt.xcodebuild[19393] <Error>: Could not kickstart simdiskimaged; SimDiskImageManager services will not be available: Error Domain=NSPOSIXErrorDomain Code=53 "Software caused connection abort" UserInfo={NSLocalizedDescription=Error returned in reply from CoreSimulatorService: Connection invalid}
Mar 25 18:03:10 Tommasos-MacBook-Pro com.apple.dt.xcodebuild[19393] <Error>: simdiskimaged returned error (invalid), marking disconnected.
Mar 25 18:03:10 Tommasos-MacBook-Pro com.apple.dt.xcodebuild[19393] <Error>: Unable to deliver request ({
	    request = "notification_subscription";
	    "set_path" = "/Users/mauriello/Library/Developer/CoreSimulator/Devices";
	}) because we are not connected to CoreSimulatorService.
Mar 25 18:03:33 Tommasos-MacBook-Pro com.apple.dt.xcodebuild[19912] <Error>: Unable to deliver request ({
	    "developer_dir" = "/Applications/Xcode.app/Contents/Developer";
	    request = "set_developer_dir";
	}) because we are not connected to CoreSimulatorService.
Mar 25 18:03:33 Tommasos-MacBook-Pro com.apple.dt.xcodebuild[19912] <Warning>: Unable to discover any Simulator runtimes. Developer Directory is /Applications/Xcode.app/Contents/Developer.
Mar 25 18:03:33 Tommasos-MacBook-Pro com.apple.dt.xcodebuild[19912] <Error>: Could not kickstart simdiskimaged; SimDiskImageManager services will not be available: Error Domain=NSPOSIXErrorDomain Code=53 "Software caused connection abort" UserInfo={NSLocalizedDescription=Error returned in reply from CoreSimulatorService: Connection invalid}
Mar 25 18:03:33 Tommasos-MacBook-Pro com.apple.dt.xcodebuild[19912] <Error>: simdiskimaged returned error (invalid), marking disconnected.
Mar 25 18:03:33 Tommasos-MacBook-Pro com.apple.dt.xcodebuild[19912] <Error>: simdiskimaged returned error (invalid), marking disconnected.
Mar 25 18:03:33 Tommasos-MacBook-Pro com.apple.dt.xcodebuild[19912] <Error>: Could not get list of trusted mount directories: Error Domain=com.apple.CoreSimulator.SimError Code=410 "The service used to manage runtime disk images (simdiskimaged) crashed or is not responding" UserInfo={NSLocalizedDescription=The service used to manage runtime disk images (simdiskimaged) crashed or is not responding}
Mar 25 18:03:33 Tommasos-MacBook-Pro com.apple.dt.xcodebuild[19912] <Error>: Unable to deliver request ({
	    request = "notification_subscription";
	    "set_path" = "/Users/mauriello/Library/Developer/CoreSimulator/Devices";
	}) because we are not connected to CoreSimulatorService.
Mar 25 18:03:33 Tommasos-MacBook-Pro com.apple.dt.xcodebuild[19912] <Error>: Unable to deliver request ({
	    request = "notification_subscription";
	    "set_path" = "/Users/mauriello/Library/Developer/CoreSimulator/Devices";
	}) because we are not connected to CoreSimulatorService.
Mar 25 18:03:53 Tommasos-MacBook-Pro com.apple.dt.xcodebuild[20439] <Error>: Unable to deliver request ({
	    "developer_dir" = "/Applications/Xcode.app/Contents/Developer";
	    request = "set_developer_dir";
	}) because we are not connected to CoreSimulatorService.
Mar 25 18:03:53 Tommasos-MacBook-Pro com.apple.dt.xcodebuild[20439] <Warning>: Unable to discover any Simulator runtimes. Developer Directory is /Applications/Xcode.app/Contents/Developer.
Mar 25 18:03:53 Tommasos-MacBook-Pro com.apple.dt.xcodebuild[20439] <Error>: Could not kickstart simdiskimaged; SimDiskImageManager services will not be available: Error Domain=NSPOSIXErrorDomain Code=53 "Software caused connection abort" UserInfo={NSLocalizedDescription=Error returned in reply from CoreSimulatorService: Connection invalid}
Mar 25 18:03:53 Tommasos-MacBook-Pro com.apple.dt.xcodebuild[20439] <Error>: simdiskimaged returned error (invalid), marking disconnected.
Mar 25 18:03:53 Tommasos-MacBook-Pro com.apple.dt.xcodebuild[20439] <Error>: simdiskimaged returned error (invalid), marking disconnected.
Mar 25 18:03:53 Tommasos-MacBook-Pro com.apple.dt.xcodebuild[20439] <Error>: Unable to deliver request ({
	    request = "notification_subscription";
	    "set_path" = "/Users/mauriello/Library/Developer/CoreSimulator/Devices";
	}) because we are not connected to CoreSimulatorService.
Mar 25 18:03:53 Tommasos-MacBook-Pro com.apple.dt.xcodebuild[20439] <Error>: Could not get list of trusted mount directories: Error Domain=com.apple.CoreSimulator.SimError Code=410 "The service used to manage runtime disk images (simdiskimaged) crashed or is not responding" UserInfo={NSLocalizedDescription=The service used to manage runtime disk images (simdiskimaged) crashed or is not responding}
Mar 25 18:03:53 Tommasos-MacBook-Pro com.apple.dt.xcodebuild[20439] <Error>: Unable to deliver request ({
	    request = "notification_subscription";
	    "set_path" = "/Users/mauriello/Library/Developer/CoreSimulator/Devices";
	}) because we are not connected to CoreSimulatorService.
