Mar 25 18:00:18 Tommasos-MacBook-Pro com.apple.ibtool[12681] <Error>: Unable to deliver request ({
	    "developer_dir" = "/Applications/Xcode.app/Contents/Developer";
	    request = "set_developer_dir";
	}) because we are not connected to CoreSimulatorService.
Mar 25 18:00:18 Tommasos-MacBook-Pro com.apple.ibtool[12681] <Warning>: Unable to discover any Simulator runtimes. Developer Directory is /Applications/Xcode.app/Contents/Developer.
Mar 25 18:00:18 Tommasos-MacBook-Pro com.apple.ibtool[12681] <Error>: Could not get list of trusted mount directories: Error Domain=com.apple.CoreSimulator.SimError Code=410 "The service used to manage runtime disk images (simdiskimaged) crashed or is not responding" UserInfo={NSLocalizedDescription=The service used to manage runtime disk images (simdiskimaged) crashed or is not responding}
Mar 25 18:00:18 Tommasos-MacBook-Pro com.apple.ibtool[12681] <Error>: Could not kickstart simdiskimaged; SimDiskImageManager services will not be available: Error Domain=NSPOSIXErrorDomain Code=53 "Software caused connection abort" UserInfo={NSLocalizedDescription=Error returned in reply from CoreSimulatorService: Connection invalid}
Mar 25 18:00:18 Tommasos-MacBook-Pro com.apple.ibtool[12681] <Error>: simdiskimaged returned error (invalid), marking disconnected.
Mar 25 18:00:18 Tommasos-MacBook-Pro com.apple.ibtool[12681] <Error>: simdiskimaged returned error (invalid), marking disconnected.
Mar 25 18:00:18 Tommasos-MacBook-Pro com.apple.ibtool[12681] <Error>: Unable to deliver request ({
	    request = "notification_subscription";
	    "set_path" = "/Users/mauriello/Library/Developer/CoreSimulator/Devices";
	}) because we are not connected to CoreSimulatorService.
Mar 25 18:01:02 Tommasos-MacBook-Pro com.apple.ibtool[14709] <Error>: Unable to deliver request ({
	    "developer_dir" = "/Applications/Xcode.app/Contents/Developer";
	    request = "set_developer_dir";
	}) because we are not connected to CoreSimulatorService.
Mar 25 18:01:02 Tommasos-MacBook-Pro com.apple.ibtool[14709] <Warning>: Unable to discover any Simulator runtimes. Developer Directory is /Applications/Xcode.app/Contents/Developer.
Mar 25 18:01:02 Tommasos-MacBook-Pro com.apple.ibtool[14709] <Error>: Could not kickstart simdiskimaged; SimDiskImageManager services will not be available: Error Domain=NSPOSIXErrorDomain Code=53 "Software caused connection abort" UserInfo={NSLocalizedDescription=Error returned in reply from CoreSimulatorService: Connection invalid}
Mar 25 18:01:02 Tommasos-MacBook-Pro com.apple.ibtool[14709] <Error>: Could not get list of trusted mount directories: Error Domain=com.apple.CoreSimulator.SimError Code=410 "The service used to manage runtime disk images (simdiskimaged) crashed or is not responding" UserInfo={NSLocalizedDescription=The service used to manage runtime disk images (simdiskimaged) crashed or is not responding}
Mar 25 18:01:02 Tommasos-MacBook-Pro com.apple.ibtool[14709] <Error>: simdiskimaged returned error (invalid), marking disconnected.
Mar 25 18:01:02 Tommasos-MacBook-Pro com.apple.ibtool[14709] <Error>: simdiskimaged returned error (invalid), marking disconnected.
Mar 25 18:01:02 Tommasos-MacBook-Pro com.apple.ibtool[14709] <Error>: Unable to deliver request ({
	    request = "notification_subscription";
	    "set_path" = "/Users/mauriello/Library/Developer/CoreSimulator/Devices";
	}) because we are not connected to CoreSimulatorService.
Mar 25 18:01:24 Tommasos-MacBook-Pro com.apple.ibtool[15743] <Error>: Unable to deliver request ({
	    "developer_dir" = "/Applications/Xcode.app/Contents/Developer";
	    request = "set_developer_dir";
	}) because we are not connected to CoreSimulatorService.
Mar 25 18:01:24 Tommasos-MacBook-Pro com.apple.ibtool[15743] <Warning>: Unable to discover any Simulator runtimes. Developer Directory is /Applications/Xcode.app/Contents/Developer.
Mar 25 18:01:24 Tommasos-MacBook-Pro com.apple.ibtool[15743] <Error>: simdiskimaged returned error (invalid), marking disconnected.
Mar 25 18:01:24 Tommasos-MacBook-Pro com.apple.ibtool[15743] <Error>: simdiskimaged connection is currently unavailable because connection became invalid
Mar 25 18:01:24 Tommasos-MacBook-Pro com.apple.ibtool[15743] <Error>: Could not kickstart simdiskimaged; SimDiskImageManager services will not be available: Error Domain=NSPOSIXErrorDomain Code=53 "Software caused connection abort" UserInfo={NSLocalizedDescription=Error returned in reply from CoreSimulatorService: Connection invalid}
Mar 25 18:01:24 Tommasos-MacBook-Pro com.apple.ibtool[15743] <Error>: Unable to deliver request ({
	    request = "notification_subscription";
	    "set_path" = "/Users/mauriello/Library/Developer/CoreSimulator/Devices";
	}) because we are not connected to CoreSimulatorService.
Mar 25 18:01:24 Tommasos-MacBook-Pro com.apple.ibtool[15743] <Error>: Could not get list of trusted mount directories: Error Domain=com.apple.CoreSimulator.SimError Code=409 "Cannot talk to the service used to manage runtime disk images (simdiskimaged) because its launchd job is not registered or was unloaded" UserInfo={NSLocalizedDescription=Cannot talk to the service used to manage runtime disk images (simdiskimaged) because its launchd job is not registered or was unloaded}
Mar 25 18:01:32 Tommasos-MacBook-Pro com.apple.ibtool[16025] <Error>: Unable to deliver request ({
	    "developer_dir" = "/Applications/Xcode.app/Contents/Developer";
	    request = "set_developer_dir";
	}) because we are not connected to CoreSimulatorService.
Mar 25 18:01:32 Tommasos-MacBook-Pro com.apple.ibtool[16024] <Error>: Unable to deliver request ({
	    "developer_dir" = "/Applications/Xcode.app/Contents/Developer";
	    request = "set_developer_dir";
	}) because we are not connected to CoreSimulatorService.
Mar 25 18:01:32 Tommasos-MacBook-Pro com.apple.ibtool[16025] <Warning>: Unable to discover any Simulator runtimes. Developer Directory is /Applications/Xcode.app/Contents/Developer.
Mar 25 18:01:32 Tommasos-MacBook-Pro com.apple.ibtool[16025] <Error>: Could not kickstart simdiskimaged; SimDiskImageManager services will not be available: Error Domain=NSPOSIXErrorDomain Code=53 "Software caused connection abort" UserInfo={NSLocalizedDescription=Error returned in reply from CoreSimulatorService: Connection invalid}
Mar 25 18:01:32 Tommasos-MacBook-Pro com.apple.ibtool[16025] <Error>: simdiskimaged returned error (invalid), marking disconnected.
Mar 25 18:01:32 Tommasos-MacBook-Pro com.apple.ibtool[16025] <Error>: Unable to deliver request ({
	    request = "notification_subscription";
	    "set_path" = "/Users/mauriello/Library/Developer/CoreSimulator/Devices";
	}) because we are not connected to CoreSimulatorService.
Mar 25 18:01:32 Tommasos-MacBook-Pro com.apple.ibtool[16025] <Error>: Could not get list of trusted mount directories: Error Domain=com.apple.CoreSimulator.SimError Code=410 "The service used to manage runtime disk images (simdiskimaged) crashed or is not responding" UserInfo={NSLocalizedDescription=The service used to manage runtime disk images (simdiskimaged) crashed or is not responding}
Mar 25 18:01:32 Tommasos-MacBook-Pro com.apple.ibtool[16025] <Error>: simdiskimaged returned error (invalid), marking disconnected.
Mar 25 18:01:32 Tommasos-MacBook-Pro com.apple.ibtool[16024] <Warning>: Unable to discover any Simulator runtimes. Developer Directory is /Applications/Xcode.app/Contents/Developer.
Mar 25 18:01:32 Tommasos-MacBook-Pro com.apple.ibtool[16024] <Error>: Could not kickstart simdiskimaged; SimDiskImageManager services will not be available: Error Domain=NSPOSIXErrorDomain Code=53 "Software caused connection abort" UserInfo={NSLocalizedDescription=Error returned in reply from CoreSimulatorService: Connection invalid}
Mar 25 18:01:32 Tommasos-MacBook-Pro com.apple.ibtool[16024] <Error>: simdiskimaged returned error (invalid), marking disconnected.
Mar 25 18:01:32 Tommasos-MacBook-Pro com.apple.ibtool[16024] <Error>: Could not get list of trusted mount directories: Error Domain=com.apple.CoreSimulator.SimError Code=410 "The service used to manage runtime disk images (simdiskimaged) crashed or is not responding" UserInfo={NSLocalizedDescription=The service used to manage runtime disk images (simdiskimaged) crashed or is not responding}
Mar 25 18:01:32 Tommasos-MacBook-Pro com.apple.ibtool[16024] <Error>: Unable to deliver request ({
	    request = "notification_subscription";
	    "set_path" = "/Users/mauriello/Library/Developer/CoreSimulator/Devices";
	}) because we are not connected to CoreSimulatorService.
Mar 25 18:01:32 Tommasos-MacBook-Pro com.apple.ibtool[16024] <Error>: simdiskimaged returned error (invalid), marking disconnected.
Mar 25 18:02:32 Tommasos-MacBook-Pro com.apple.ibtool[18144] <Error>: Unable to deliver request ({
	    "developer_dir" = "/Applications/Xcode.app/Contents/Developer";
	    request = "set_developer_dir";
	}) because we are not connected to CoreSimulatorService.
Mar 25 18:02:32 Tommasos-MacBook-Pro com.apple.ibtool[18144] <Warning>: Unable to discover any Simulator runtimes. Developer Directory is /Applications/Xcode.app/Contents/Developer.
Mar 25 18:02:32 Tommasos-MacBook-Pro com.apple.ibtool[18144] <Error>: Could not get list of trusted mount directories: Error Domain=com.apple.CoreSimulator.SimError Code=410 "The service used to manage runtime disk images (simdiskimaged) crashed or is not responding" UserInfo={NSLocalizedDescription=The service used to manage runtime disk images (simdiskimaged) crashed or is not responding}
Mar 25 18:02:32 Tommasos-MacBook-Pro com.apple.ibtool[18144] <Error>: simdiskimaged returned error (invalid), marking disconnected.
Mar 25 18:02:32 Tommasos-MacBook-Pro com.apple.ibtool[18144] <Error>: Could not kickstart simdiskimaged; SimDiskImageManager services will not be available: Error Domain=NSPOSIXErrorDomain Code=53 "Software caused connection abort" UserInfo={NSLocalizedDescription=Error returned in reply from CoreSimulatorService: Connection invalid}
Mar 25 18:02:32 Tommasos-MacBook-Pro com.apple.ibtool[18144] <Error>: simdiskimaged returned error (invalid), marking disconnected.
Mar 25 18:02:32 Tommasos-MacBook-Pro com.apple.ibtool[18144] <Error>: Unable to deliver request ({
	    request = "notification_subscription";
	    "set_path" = "/Users/mauriello/Library/Developer/CoreSimulator/Devices";
	}) because we are not connected to CoreSimulatorService.
